
[2023-07-26 21:45:32] Олег: Привет
[2023-07-26 21:45:32] [2023-07-26 21:45:32] Олег: Привет
[2023-07-26 21:45:32] 
[2023-07-26 21:45:36] Олег: как вы тут
[2023-07-26 21:45:36] [2023-07-26 21:45:36] Олег: как вы тут
[2023-07-26 21:45:36] 
[2023-07-26 21:45:40] [Server]: йау
[2023-07-26 21:45:53] Петя: Привет всем
[2023-07-26 21:45:53] [2023-07-26 21:45:53] Петя: Привет всем
[2023-07-26 21:45:53] 
[2023-07-26 21:45:53] [2023-07-26 21:45:53] Петя: Привет всем
[2023-07-26 21:45:53] 
[2023-07-26 21:45:56] Олег: хай
[2023-07-26 21:45:56] [2023-07-26 21:45:56] Олег: хай
[2023-07-26 21:45:56] [2023-07-26 21:45:56] Олег: хай
[2023-07-26 21:45:56] 
[2023-07-26 21:45:56] 
[2023-07-26 21:46:03] [Server]: йоу
[2023-07-26 21:46:03] [Server]: йоу
[2023-07-26 21:46:14] Петя: exit
[2023-07-26 21:46:14] [2023-07-26 21:46:14] Петя: exit
[2023-07-26 21:46:14] [2023-07-26 21:46:14] Петя: exit
[2023-07-26 21:46:14] 
[2023-07-26 21:46:14] 
[2023-07-26 21:46:25] Петя: /exit
[2023-07-26 21:46:25] [2023-07-26 21:46:25] Петя: /exit
[2023-07-26 21:46:25] [2023-07-26 21:46:25] Петя: /exit
[2023-07-26 21:46:25] 
[2023-07-26 21:46:25] 
[2023-07-26 21:53:04] Олег: Привет
[2023-07-26 21:53:04] [2023-07-26 21:53:04] Олег: Привет
[2023-07-26 21:53:04] 
[2023-07-26 21:53:11] Олег: /exit
[2023-07-26 21:53:11] [2023-07-26 21:53:11] Олег: /exit
[2023-07-26 21:53:11] 
[2023-07-26 21:53:17] Гело: Хай
[2023-07-26 21:53:17] [2023-07-26 21:53:17] Гело: Хай
[2023-07-26 21:53:17] 
[2023-07-26 21:53:17] [2023-07-26 21:53:17] Гело: Хай
[2023-07-26 21:53:17] 
[2023-07-26 21:53:20] Гело: /exit
[2023-07-26 21:53:20] [2023-07-26 21:53:20] Гело: /exit
[2023-07-26 21:53:20] [2023-07-26 21:53:20] Гело: /exit
[2023-07-26 21:53:20] 
[2023-07-26 21:53:20] 
[2023-07-26 21:53:53] [Server]: /exit
[2023-07-26 21:53:53] [Server]: /exit
[2023-07-26 21:55:55] Петр: Привет
[2023-07-26 21:55:55] [2023-07-26 21:55:55] Петр: Привет
[2023-07-26 21:55:55] 
[2023-07-26 21:55:59] Петр: /exit
[2023-07-26 21:55:59] [2023-07-26 21:55:59] Петр: /exit
[2023-07-26 21:55:59] 
[2023-07-26 21:56:25] [Server]: /exit
[2023-07-26 21:59:19] Петя: привет 
[2023-07-26 21:59:20] [2023-07-26 21:59:19] Петя: привет 
[2023-07-26 21:59:20] 
[2023-07-26 21:59:20] Петя: как
[2023-07-26 21:59:20] [2023-07-26 21:59:20] Петя: как
[2023-07-26 21:59:20] 
[2023-07-26 21:59:25] Петя: /exit
[2023-07-26 21:59:25] [2023-07-26 21:59:25] Петя: /exit
[2023-07-26 21:59:25] 
[2023-07-26 21:59:31] [Server]: /exit
[2023-07-26 22:03:58] Олег: привет
[2023-07-26 22:03:58] [2023-07-26 22:03:58] Олег: привет
[2023-07-26 22:03:58] 
[2023-07-26 22:04:00] Олег: /exit
[2023-07-26 22:04:12] Петя: а
[2023-07-26 22:04:12] [2023-07-26 22:04:12] Петя: а
[2023-07-26 22:04:12] 
[2023-07-26 22:04:22] [Server]: Как Ты?
[2023-07-26 22:04:25] [Server]: Что делаешь
[2023-07-26 22:04:32] Петя: Z dgf
[2023-07-26 22:04:32] [2023-07-26 22:04:32] Петя: Z dgf
[2023-07-26 22:04:32] 
[2023-07-26 22:04:47] [Server]: /exit
[2023-07-26 22:06:13] [Server]: Привет всем
[2023-07-26 22:06:13] [Server]: Привет всем
[2023-07-26 22:06:16] Петя: Приветики
[2023-07-26 22:06:16] [2023-07-26 22:06:16] Петя: Приветики
[2023-07-26 22:06:16] [2023-07-26 22:06:16] Петя: Приветики
[2023-07-26 22:06:16] 
[2023-07-26 22:06:16] 
[2023-07-26 22:06:22] Олег: хай
[2023-07-26 22:06:22] [2023-07-26 22:06:22] Олег: хай
[2023-07-26 22:06:22] [2023-07-26 22:06:22] Олег: хай
[2023-07-26 22:06:22] 
[2023-07-26 22:06:22] 
[2023-07-26 22:06:24] Олег: /exit
[2023-07-26 22:06:24] [2023-07-26 22:06:24] Олег: /exit
[2023-07-26 22:06:24] 
[2023-07-26 22:06:28] Петя: gh
[2023-07-26 22:06:28] [2023-07-26 22:06:28] Петя: gh
[2023-07-26 22:06:28] 
[2023-07-26 22:06:33] [Server]: sss
[2023-07-26 22:06:36] Петя: /exit
